-------------------------------------------------------------------------------
Test set: SimpleTest
-------------------------------------------------------------------------------
Tests run: 5, Failures: 1, Errors: 0, Skipped: 4, Time elapsed: 1.021 s <<< FAILURE! - in SimpleTest
initialization(SimpleTest)  Time elapsed: 0.786 s  <<< FAILURE!
org.testng.TestNGException: 

Parameter 'browser' is required by BeforeClass on method initialization but has not been marked @Optional or defined


